\BOOKMARK [1][-]{section.1}{Li m u}{}% 1
\BOOKMARK [1][-]{section.2}{C\341c b\340i to\341n ng b h\363a}{}% 2
\BOOKMARK [2][-]{subsection.2.1}{B\340i to\341n ngi h\372t thuc l\341}{section.2}% 3
\BOOKMARK [3][-]{subsubsection.2.1.1}{Vn }{subsection.2.1}% 4
\BOOKMARK [3][-]{subsubsection.2.1.2}{Giai ph\341p}{subsection.2.1}% 5
\BOOKMARK [2][-]{subsection.2.2}{B\340i to\341n xe bu\375t Senate}{section.2}% 6
\BOOKMARK [3][-]{subsubsection.2.2.1}{Vn }{subsection.2.2}% 7
\BOOKMARK [3][-]{subsubsection.2.2.2}{Giai ph\341p}{subsection.2.2}% 8
\BOOKMARK [2][-]{subsection.2.3}{B\340i to\341n \364ng gi\340 Noel}{section.2}% 9
\BOOKMARK [3][-]{subsubsection.2.3.1}{Vn }{subsection.2.3}% 10
\BOOKMARK [3][-]{subsubsection.2.3.2}{Giai ph\341p}{subsection.2.3}% 11
\BOOKMARK [2][-]{subsection.2.4}{B\340i to\341n bang qua s\364ng}{section.2}% 12
\BOOKMARK [3][-]{subsubsection.2.4.1}{Ph\341t biu b\340i to\341n}{subsection.2.4}% 13
\BOOKMARK [3][-]{subsubsection.2.4.2}{Ph\342n t\355ch b\340i to\341n}{subsection.2.4}% 14
\BOOKMARK [3][-]{subsubsection.2.4.3}{Giai ph\341p cho b\340i to\341n}{subsection.2.4}% 15
\BOOKMARK [3][-]{subsubsection.2.4.4}{C\341c vn \040c\362n tn tai}{subsection.2.4}% 16
\BOOKMARK [2][-]{subsection.2.5}{B\340i to\341n v ph\362ng cho ba tic}{section.2}% 17
\BOOKMARK [3][-]{subsubsection.2.5.1}{Ph\341t biu b\340i to\341n}{subsection.2.5}% 18
\BOOKMARK [3][-]{subsubsection.2.5.2}{Ph\342n t\355ch b\340i to\341n}{subsection.2.5}% 19
\BOOKMARK [3][-]{subsubsection.2.5.3}{Giai ph\341p cho b\340i to\341n}{subsection.2.5}% 20
\BOOKMARK [2][-]{subsection.2.6}{B\340i to\341n b bi}{section.2}% 21
\BOOKMARK [3][-]{subsubsection.2.6.1}{Ph\341t biu b\340i to\341n}{subsection.2.6}% 22
\BOOKMARK [1][-]{section.3}{Tng kt}{}% 23
\BOOKMARK [1][-]{section.4}{Reference}{}% 24
\BOOKMARK [1][-]{section.4}{References}{}% 25
